127.0.0.1 - - [26/Aug/2020:14:55:35 +0200] "GET / HTTP/1.1" 403 199
127.0.0.1 - - [26/Aug/2020:14:55:35 +0200] "GET /favicon.ico HTTP/1.1" 403 199
127.0.0.1 - - [26/Aug/2020:14:57:33 +0200] "GET / HTTP/1.1" 403 199
127.0.0.1 - - [26/Aug/2020:14:58:27 +0200] "GET / HTTP/1.1" 403 199
127.0.0.1 - - [26/Aug/2020:14:58:32 +0200] "GET /favicon.ico HTTP/1.1" 403 199
127.0.0.1 - - [26/Aug/2020:15:01:09 +0200] "GET / HTTP/1.1" 200 190
127.0.0.1 - - [26/Aug/2020:15:01:24 +0200] "GET / HTTP/1.1" 200 189
127.0.0.1 - - [26/Aug/2020:15:01:30 +0200] "GET /favicon.ico HTTP/1.1" 404 196
127.0.0.1 - - [26/Aug/2020:15:02:54 +0200] "GET / HTTP/1.1" 304 -
127.0.0.1 - - [26/Aug/2020:15:03:26 +0200] "GET / HTTP/1.1" 304 -
127.0.0.1 - - [26/Aug/2020:15:04:20 +0200] "GET / HTTP/1.1" 304 -
127.0.0.1 - - [26/Aug/2020:15:06:11 +0200] "GET / HTTP/1.1" 304 -
127.0.0.1 - - [26/Aug/2020:15:06:14 +0200] "GET / HTTP/1.1" 304 -
127.0.0.1 - - [26/Aug/2020:15:06:22 +0200] "GET / HTTP/1.1" 304 -
127.0.0.1 - - [26/Aug/2020:15:06:24 +0200] "GET / HTTP/1.1" 304 -
127.0.0.1 - - [26/Aug/2020:15:06:25 +0200] "GET / HTTP/1.1" 304 -
127.0.0.1 - - [26/Aug/2020:15:06:46 +0200] "GET / HTTP/1.1" 200 182
127.0.0.1 - - [26/Aug/2020:15:06:51 +0200] "GET /favicon.ico HTTP/1.1" 404 196
::1 - - [26/Aug/2020:15:09:20 +0200] "GET / HTTP/1.1" 200 190
::1 - - [26/Aug/2020:15:15:19 +0200] "GET / HTTP/1.1" 200 817
::1 - - [26/Aug/2020:15:15:19 +0200] "GET /node_modules/@privacybydesign/irma-frontend/dist/irma.js HTTP/1.1" 200 223798
::1 - - [26/Aug/2020:15:15:19 +0200] "GET /stemmen.js HTTP/1.1" 200 980
::1 - - [26/Aug/2020:15:16:40 +0200] "GET / HTTP/1.1" 304 -
::1 - - [26/Aug/2020:15:16:40 +0200] "GET /node_modules/@privacybydesign/irma-frontend/dist/irma.js HTTP/1.1" 304 -
::1 - - [26/Aug/2020:15:16:40 +0200] "GET /stemmen.js HTTP/1.1" 304 -
::1 - - [26/Aug/2020:15:18:57 +0200] "GET / HTTP/1.1" 304 -
::1 - - [26/Aug/2020:15:18:57 +0200] "GET /node_modules/@privacybydesign/irma-frontend/dist/irma.js HTTP/1.1" 304 -
::1 - - [26/Aug/2020:15:18:57 +0200] "GET /stemmen.js HTTP/1.1" 304 -
::1 - - [26/Aug/2020:15:23:29 +0200] "GET / HTTP/1.1" 200 818
::1 - - [26/Aug/2020:15:23:29 +0200] "GET /node_modules/@privacybydesign/irma-frontend/dist/irma.js HTTP/1.1" 304 -
::1 - - [26/Aug/2020:15:23:29 +0200] "GET /register.js HTTP/1.1" 200 963
::1 - - [26/Aug/2020:15:24:16 +0200] "GET / HTTP/1.1" 200 881
::1 - - [26/Aug/2020:15:24:16 +0200] "GET /register.js HTTP/1.1" 304 -
::1 - - [26/Aug/2020:15:24:16 +0200] "GET /node_modules/@privacybydesign/irma-frontend/dist/irma.js HTTP/1.1" 304 -
::1 - - [26/Aug/2020:15:24:35 +0200] "GET / HTTP/1.1" 200 879
::1 - - [26/Aug/2020:15:24:35 +0200] "GET /node_modules/@privacybydesign/irma-frontend/dist/irma.js HTTP/1.1" 304 -
::1 - - [26/Aug/2020:15:24:35 +0200] "GET /register.js HTTP/1.1" 304 -
::1 - - [26/Aug/2020:15:24:42 +0200] "GET / HTTP/1.1" 200 873
::1 - - [26/Aug/2020:15:24:42 +0200] "GET /node_modules/@privacybydesign/irma-frontend/dist/irma.js HTTP/1.1" 304 -
::1 - - [26/Aug/2020:15:24:42 +0200] "GET /register.js HTTP/1.1" 304 -
::1 - - [26/Aug/2020:15:30:11 +0200] "GET / HTTP/1.1" 200 874
::1 - - [26/Aug/2020:15:30:11 +0200] "GET /node_modules/@privacybydesign/irma-frontend/dist/irma.js HTTP/1.1" 304 -
::1 - - [26/Aug/2020:15:30:11 +0200] "GET /register.js HTTP/1.1" 304 -
::1 - - [26/Aug/2020:15:30:14 +0200] "GET / HTTP/1.1" 304 -
::1 - - [26/Aug/2020:15:38:03 +0200] "GET / HTTP/1.1" 304 -
::1 - - [26/Aug/2020:22:57:25 +0200] "GET / HTTP/1.1" 304 -
::1 - - [26/Aug/2020:22:57:32 +0200] "GET / HTTP/1.1" 200 874
::1 - - [26/Aug/2020:22:57:32 +0200] "GET /node_modules/@privacybydesign/irma-frontend/dist/irma.js HTTP/1.1" 200 223798
::1 - - [26/Aug/2020:22:57:32 +0200] "GET /register.js HTTP/1.1" 200 963
::1 - - [26/Aug/2020:22:57:33 +0200] "GET /favicon.ico HTTP/1.1" 404 196
::1 - - [26/Aug/2020:23:03:43 +0200] "GET / HTTP/1.1" 200 182
::1 - - [26/Aug/2020:23:03:43 +0200] "GET /favicon.ico HTTP/1.1" 404 196
::1 - - [27/Aug/2020:09:18:28 +0200] "GET / HTTP/1.1" 304 -
::1 - - [27/Aug/2020:09:18:28 +0200] "GET /node_modules/@privacybydesign/irma-frontend/dist/irma.js HTTP/1.1" 304 -
::1 - - [27/Aug/2020:09:18:28 +0200] "GET /register.js HTTP/1.1" 200 2568
::1 - - [27/Aug/2020:09:22:40 +0200] "GET / HTTP/1.1" 304 -
::1 - - [27/Aug/2020:09:22:40 +0200] "GET /node_modules/@privacybydesign/irma-frontend/dist/irma.js HTTP/1.1" 304 -
::1 - - [27/Aug/2020:09:22:40 +0200] "GET /register.js HTTP/1.1" 200 1808
::1 - - [27/Aug/2020:09:22:55 +0200] "GET / HTTP/1.1" 304 -
::1 - - [27/Aug/2020:09:22:55 +0200] "GET /node_modules/@privacybydesign/irma-frontend/dist/irma.js HTTP/1.1" 304 -
::1 - - [27/Aug/2020:09:22:55 +0200] "GET /register.js HTTP/1.1" 200 1802
::1 - - [27/Aug/2020:09:29:00 +0200] "GET / HTTP/1.1" 304 -
::1 - - [27/Aug/2020:09:29:01 +0200] "GET /node_modules/@privacybydesign/irma-frontend/dist/irma.js HTTP/1.1" 304 -
::1 - - [27/Aug/2020:09:29:01 +0200] "GET /register.js HTTP/1.1" 200 1410
::1 - - [27/Aug/2020:09:29:43 +0200] "GET / HTTP/1.1" 304 -
::1 - - [27/Aug/2020:09:29:43 +0200] "GET /node_modules/@privacybydesign/irma-frontend/dist/irma.js HTTP/1.1" 304 -
::1 - - [27/Aug/2020:09:29:43 +0200] "GET /register.js HTTP/1.1" 200 1450
::1 - - [27/Aug/2020:09:30:20 +0200] "GET / HTTP/1.1" 200 880
::1 - - [27/Aug/2020:09:30:21 +0200] "GET /node_modules/@privacybydesign/irma-frontend/dist/irma.js HTTP/1.1" 304 -
::1 - - [27/Aug/2020:09:30:21 +0200] "GET /register.js HTTP/1.1" 304 -
::1 - - [27/Aug/2020:09:37:51 +0200] "GET / HTTP/1.1" 304 -
::1 - - [27/Aug/2020:09:37:51 +0200] "GET /node_modules/@privacybydesign/irma-frontend/dist/irma.js HTTP/1.1" 304 -
::1 - - [27/Aug/2020:09:37:51 +0200] "GET /register.js HTTP/1.1" 200 1351
::1 - - [27/Aug/2020:09:38:25 +0200] "GET / HTTP/1.1" 304 -
::1 - - [27/Aug/2020:09:38:25 +0200] "GET /register.js HTTP/1.1" 304 -
::1 - - [27/Aug/2020:09:38:25 +0200] "GET /node_modules/@privacybydesign/irma-frontend/dist/irma.js HTTP/1.1" 304 -
::1 - - [27/Aug/2020:11:47:06 +0200] "GET / HTTP/1.1" 200 880
::1 - - [27/Aug/2020:11:47:06 +0200] "GET /register.js HTTP/1.1" 304 -
::1 - - [27/Aug/2020:11:47:06 +0200] "GET /node_modules/@privacybydesign/irma-frontend/dist/irma.js HTTP/1.1" 304 -
::1 - - [27/Aug/2020:11:47:06 +0200] "GET /favicon.ico HTTP/1.1" 404 196
::1 - - [31/Aug/2020:11:08:10 +0200] "GET /favicon.ico HTTP/1.1" 404 196
::1 - - [31/Aug/2020:11:08:12 +0200] "GET / HTTP/1.1" 200 182
::1 - - [31/Aug/2020:11:21:47 +0200] "GET / HTTP/1.1" 200 1326
::1 - - [31/Aug/2020:11:21:47 +0200] "GET /register.js HTTP/1.1" 200 8885
::1 - - [31/Aug/2020:11:21:47 +0200] "GET /node_modules/@privacybydesign/irma-frontend/dist/irma.js HTTP/1.1" 304 -
::1 - - [31/Aug/2020:11:21:47 +0200] "GET /favicon.ico HTTP/1.1" 404 196
::1 - - [31/Aug/2020:11:22:33 +0200] "GET / HTTP/1.1" 200 1387
::1 - - [31/Aug/2020:11:22:33 +0200] "GET /style.css HTTP/1.1" 200 721
::1 - - [31/Aug/2020:11:22:33 +0200] "GET /node_modules/@privacybydesign/irma-frontend/dist/irma.js HTTP/1.1" 304 -
::1 - - [31/Aug/2020:11:22:34 +0200] "GET /register.js HTTP/1.1" 304 -
::1 - - [31/Aug/2020:11:23:46 +0200] "GET / HTTP/1.1" 200 1473
::1 - - [31/Aug/2020:11:23:46 +0200] "GET /node_modules/@privacybydesign/irma-frontend/dist/irma.js HTTP/1.1" 304 -
::1 - - [31/Aug/2020:11:23:46 +0200] "GET /register.js HTTP/1.1" 304 -
::1 - - [31/Aug/2020:11:24:55 +0200] "GET / HTTP/1.1" 304 -
::1 - - [31/Aug/2020:11:24:55 +0200] "GET /node_modules/@privacybydesign/irma-frontend/dist/irma.js HTTP/1.1" 304 -
::1 - - [31/Aug/2020:11:24:55 +0200] "GET /register.js HTTP/1.1" 304 -
::1 - - [31/Aug/2020:11:25:28 +0200] "GET / HTTP/1.1" 200 1485
::1 - - [31/Aug/2020:11:25:28 +0200] "GET /node_modules/@privacybydesign/irma-frontend/dist/irma.js HTTP/1.1" 304 -
::1 - - [31/Aug/2020:11:25:28 +0200] "GET /register.js HTTP/1.1" 304 -
::1 - - [31/Aug/2020:11:25:36 +0200] "GET / HTTP/1.1" 200 1480
::1 - - [31/Aug/2020:11:25:36 +0200] "GET /node_modules/@privacybydesign/irma-frontend/dist/irma.js HTTP/1.1" 304 -
::1 - - [31/Aug/2020:11:25:36 +0200] "GET /register.js HTTP/1.1" 304 -
::1 - - [31/Aug/2020:11:26:18 +0200] "GET / HTTP/1.1" 200 1480
::1 - - [31/Aug/2020:11:26:18 +0200] "GET /node_modules/@privacybydesign/irma-frontend/dist/irma.js HTTP/1.1" 304 -
::1 - - [31/Aug/2020:11:26:18 +0200] "GET /register.js HTTP/1.1" 304 -
::1 - - [31/Aug/2020:11:32:00 +0200] "GET / HTTP/1.1" 304 -
::1 - - [31/Aug/2020:11:32:00 +0200] "GET /node_modules/@privacybydesign/irma-frontend/dist/irma.js HTTP/1.1" 304 -
::1 - - [31/Aug/2020:11:32:00 +0200] "GET /register.js HTTP/1.1" 200 2410
::1 - - [31/Aug/2020:11:33:04 +0200] "GET / HTTP/1.1" 304 -
::1 - - [31/Aug/2020:11:33:04 +0200] "GET /node_modules/@privacybydesign/irma-frontend/dist/irma.js HTTP/1.1" 304 -
::1 - - [31/Aug/2020:11:33:04 +0200] "GET /register.js HTTP/1.1" 200 2434
::1 - - [31/Aug/2020:11:33:35 +0200] "GET / HTTP/1.1" 304 -
::1 - - [31/Aug/2020:11:33:35 +0200] "GET /node_modules/@privacybydesign/irma-frontend/dist/irma.js HTTP/1.1" 304 -
::1 - - [31/Aug/2020:11:33:35 +0200] "GET /register.js HTTP/1.1" 200 2561
::1 - - [31/Aug/2020:11:48:08 +0200] "GET /style.css HTTP/1.1" 200 744
::1 - - [31/Aug/2020:11:48:08 +0200] "GET /register.js HTTP/1.1" 200 2561
::1 - - [31/Aug/2020:11:48:08 +0200] "GET /favicon.ico HTTP/1.1" 404 196
::1 - - [31/Aug/2020:11:49:34 +0200] "GET / HTTP/1.1" 200 10043
::1 - - [31/Aug/2020:11:49:34 +0200] "GET /style.css HTTP/1.1" 200 744
::1 - - [31/Aug/2020:11:49:34 +0200] "GET /irma.js HTTP/1.1" 404 196
::1 - - [31/Aug/2020:11:50:50 +0200] "GET / HTTP/1.1" 200 10092
::1 - - [31/Aug/2020:11:50:51 +0200] "GET /node_modules/@privacybydesign/irma-frontend/dist/irma.js HTTP/1.1" 304 -
::1 - - [31/Aug/2020:11:51:21 +0200] "GET / HTTP/1.1" 200 10094
::1 - - [31/Aug/2020:11:51:21 +0200] "GET /node_modules/@privacybydesign/irma-frontend/dist/irma%202.js HTTP/1.1" 200 148512
::1 - - [31/Aug/2020:12:07:19 +0200] "GET / HTTP/1.1" 200 1482
::1 - - [31/Aug/2020:12:07:19 +0200] "GET /node_modules/@privacybydesign/irma-frontend/dist/irma%202.js HTTP/1.1" 304 -
::1 - - [31/Aug/2020:12:07:19 +0200] "GET /register.js HTTP/1.1" 200 2261
::1 - - [31/Aug/2020:12:07:19 +0200] "POST /undefined/session HTTP/1.1" 404 196
::1 - - [31/Aug/2020:12:12:00 +0200] "GET / HTTP/1.1" 200 1488
::1 - - [31/Aug/2020:12:12:00 +0200] "GET /register.js HTTP/1.1" 200 2823
::1 - - [31/Aug/2020:12:12:00 +0200] "GET /node_modules/@privacybydesign/irma-frontend/dist/irma%202.js HTTP/1.1" 304 -
::1 - - [31/Aug/2020:12:12:20 +0200] "GET / HTTP/1.1" 200 1486
::1 - - [31/Aug/2020:12:12:20 +0200] "GET /register.js HTTP/1.1" 304 -
::1 - - [31/Aug/2020:12:12:20 +0200] "GET /node_modules/@privacybydesign/irma-frontend/dist/irma.js HTTP/1.1" 304 -
::1 - - [31/Aug/2020:12:12:40 +0200] "GET / HTTP/1.1" 304 -
::1 - - [31/Aug/2020:12:12:40 +0200] "GET /node_modules/@privacybydesign/irma-frontend/dist/irma.js HTTP/1.1" 304 -
::1 - - [31/Aug/2020:12:12:40 +0200] "GET /register.js HTTP/1.1" 304 -
::1 - - [31/Aug/2020:12:12:54 +0200] "GET / HTTP/1.1" 200 1488
::1 - - [31/Aug/2020:12:12:54 +0200] "GET /node_modules/@privacybydesign/irma-frontend/dist/irma.js HTTP/1.1" 304 -
::1 - - [31/Aug/2020:12:12:54 +0200] "GET /register.js HTTP/1.1" 304 -
::1 - - [31/Aug/2020:12:18:53 +0200] "GET / HTTP/1.1" 200 1488
::1 - - [31/Aug/2020:12:18:53 +0200] "GET /node_modules/@privacybydesign/irma-frontend/dist/irma.js HTTP/1.1" 304 -
::1 - - [31/Aug/2020:12:18:53 +0200] "GET /register.js HTTP/1.1" 200 1007
::1 - - [31/Aug/2020:12:20:56 +0200] "GET / HTTP/1.1" 200 1488
::1 - - [31/Aug/2020:12:20:56 +0200] "GET /node_modules/@privacybydesign/irma-frontend/dist/irma.js HTTP/1.1" 304 -
::1 - - [31/Aug/2020:12:20:56 +0200] "GET /register.js HTTP/1.1" 304 -
::1 - - [31/Aug/2020:12:31:39 +0200] "GET / HTTP/1.1" 200 1449
::1 - - [31/Aug/2020:12:31:39 +0200] "GET /bundle.js HTTP/1.1" 200 226737
::1 - - [31/Aug/2020:12:35:46 +0200] "GET / HTTP/1.1" 304 -
::1 - - [31/Aug/2020:12:35:46 +0200] "GET /bundle.js HTTP/1.1" 200 226755
::1 - - [31/Aug/2020:13:49:16 +0200] "GET / HTTP/1.1" 200 1458
::1 - - [31/Aug/2020:13:49:16 +0200] "GET /register.js HTTP/1.1" 200 2246
::1 - - [31/Aug/2020:13:50:02 +0200] "GET / HTTP/1.1" 304 -
::1 - - [31/Aug/2020:13:50:03 +0200] "GET /register.js HTTP/1.1" 200 2277
::1 - - [31/Aug/2020:13:50:55 +0200] "GET / HTTP/1.1" 200 1458
::1 - - [31/Aug/2020:13:50:55 +0200] "GET /bundle.js HTTP/1.1" 200 226712
::1 - - [31/Aug/2020:13:53:01 +0200] "GET / HTTP/1.1" 304 -
::1 - - [31/Aug/2020:13:53:01 +0200] "GET /bundle.js HTTP/1.1" 200 450620
::1 - - [31/Aug/2020:13:55:45 +0200] "GET / HTTP/1.1" 200 1518
::1 - - [31/Aug/2020:13:55:45 +0200] "GET /bundle.js HTTP/1.1" 304 -
::1 - - [31/Aug/2020:13:58:24 +0200] "GET / HTTP/1.1" 200 1527
::1 - - [31/Aug/2020:13:58:24 +0200] "GET /bundle.js HTTP/1.1" 200 227548
::1 - - [31/Aug/2020:13:59:19 +0200] "GET / HTTP/1.1" 304 -
::1 - - [31/Aug/2020:13:59:19 +0200] "GET /bundle.js HTTP/1.1" 200 227565
::1 - - [31/Aug/2020:13:59:57 +0200] "GET / HTTP/1.1" 304 -
::1 - - [31/Aug/2020:13:59:57 +0200] "GET /bundle.js HTTP/1.1" 200 227546
::1 - - [31/Aug/2020:14:00:54 +0200] "GET / HTTP/1.1" 304 -
::1 - - [31/Aug/2020:14:00:54 +0200] "GET /bundle.js HTTP/1.1" 304 -
::1 - - [31/Aug/2020:14:01:01 +0200] "GET / HTTP/1.1" 304 -
::1 - - [31/Aug/2020:14:01:01 +0200] "GET /bundle.js HTTP/1.1" 200 238667
::1 - - [31/Aug/2020:14:05:18 +0200] "GET / HTTP/1.1" 304 -
::1 - - [31/Aug/2020:14:05:18 +0200] "GET /bundle.js HTTP/1.1" 200 675339
::1 - - [31/Aug/2020:14:05:41 +0200] "GET / HTTP/1.1" 304 -
::1 - - [31/Aug/2020:14:05:41 +0200] "GET /bundle.js HTTP/1.1" 200 675366
::1 - - [31/Aug/2020:14:07:22 +0200] "GET / HTTP/1.1" 200 1536
::1 - - [31/Aug/2020:14:07:23 +0200] "GET /bundle.js HTTP/1.1" 304 -
::1 - - [31/Aug/2020:14:09:00 +0200] "GET / HTTP/1.1" 304 -
::1 - - [31/Aug/2020:14:09:00 +0200] "GET /bundle.js HTTP/1.1" 200 675335
::1 - - [31/Aug/2020:14:13:04 +0200] "GET / HTTP/1.1" 304 -
::1 - - [31/Aug/2020:14:13:05 +0200] "GET /bundle.js HTTP/1.1" 200 548176
::1 - - [31/Aug/2020:14:15:01 +0200] "GET / HTTP/1.1" 304 -
::1 - - [31/Aug/2020:14:15:01 +0200] "GET /bundle.js HTTP/1.1" 304 -
::1 - - [31/Aug/2020:14:16:24 +0200] "GET / HTTP/1.1" 304 -
::1 - - [31/Aug/2020:14:16:24 +0200] "GET /bundle.js HTTP/1.1" 200 546028
::1 - - [31/Aug/2020:14:16:24 +0200] "GET /style.css HTTP/1.1" 304 -
::1 - - [31/Aug/2020:14:23:40 +0200] "GET / HTTP/1.1" 304 -
::1 - - [31/Aug/2020:14:23:40 +0200] "GET /bundle.js HTTP/1.1" 200 546144
::1 - - [31/Aug/2020:14:24:23 +0200] "GET / HTTP/1.1" 304 -
::1 - - [31/Aug/2020:14:24:23 +0200] "GET /bundle.js HTTP/1.1" 304 -
::1 - - [31/Aug/2020:14:25:33 +0200] "GET / HTTP/1.1" 304 -
::1 - - [31/Aug/2020:14:25:33 +0200] "GET /bundle.js HTTP/1.1" 200 546143
::1 - - [31/Aug/2020:14:31:57 +0200] "GET / HTTP/1.1" 200 1529
::1 - - [31/Aug/2020:14:31:57 +0200] "GET /bundle.js HTTP/1.1" 304 -
::1 - - [31/Aug/2020:14:32:07 +0200] "GET / HTTP/1.1" 304 -
::1 - - [31/Aug/2020:14:32:07 +0200] "GET /bundle.js HTTP/1.1" 200 546143
::1 - - [31/Aug/2020:14:44:08 +0200] "GET / HTTP/1.1" 200 1106
::1 - - [31/Aug/2020:14:44:08 +0200] "GET /style.css HTTP/1.1" 304 -
::1 - - [31/Aug/2020:14:44:08 +0200] "GET /bundle.js HTTP/1.1" 304 -
::1 - - [31/Aug/2020:14:44:52 +0200] "GET / HTTP/1.1" 200 1106
::1 - - [31/Aug/2020:14:44:52 +0200] "GET /bundle.js HTTP/1.1" 304 -
::1 - - [31/Aug/2020:14:46:00 +0200] "GET / HTTP/1.1" 304 -
::1 - - [31/Aug/2020:14:46:00 +0200] "GET /bundle.js HTTP/1.1" 304 -
::1 - - [31/Aug/2020:15:01:29 +0200] "GET / HTTP/1.1" 200 1244
::1 - - [31/Aug/2020:15:01:29 +0200] "GET /irma.css HTTP/1.1" 200 25012
::1 - - [31/Aug/2020:15:01:29 +0200] "GET /bundle.js HTTP/1.1" 200 546519
::1 - - [31/Aug/2020:15:01:51 +0200] "GET / HTTP/1.1" 200 1245
::1 - - [31/Aug/2020:15:01:51 +0200] "GET /bundle.js HTTP/1.1" 304 -
::1 - - [31/Aug/2020:15:03:47 +0200] "GET / HTTP/1.1" 304 -
::1 - - [31/Aug/2020:15:03:47 +0200] "GET /bundle.js HTTP/1.1" 304 -
::1 - - [31/Aug/2020:15:04:05 +0200] "GET / HTTP/1.1" 304 -
::1 - - [31/Aug/2020:15:04:05 +0200] "GET /bundle.js HTTP/1.1" 304 -
::1 - - [31/Aug/2020:15:04:05 +0200] "GET /style.css HTTP/1.1" 200 744
::1 - - [31/Aug/2020:15:04:53 +0200] "GET / HTTP/1.1" 200 1365
::1 - - [31/Aug/2020:15:04:53 +0200] "GET /style.css HTTP/1.1" 304 -
::1 - - [31/Aug/2020:15:04:53 +0200] "GET /bundle.js HTTP/1.1" 304 -
::1 - - [31/Aug/2020:15:05:03 +0200] "GET / HTTP/1.1" 304 -
::1 - - [31/Aug/2020:15:05:03 +0200] "GET /bundle.js HTTP/1.1" 304 -
::1 - - [31/Aug/2020:15:07:26 +0200] "GET / HTTP/1.1" 200 1203
::1 - - [31/Aug/2020:15:07:26 +0200] "GET /bundle.js HTTP/1.1" 304 -
::1 - - [31/Aug/2020:15:07:26 +0200] "GET /style.css HTTP/1.1" 304 -
::1 - - [31/Aug/2020:15:07:30 +0200] "GET / HTTP/1.1" 304 -
::1 - - [31/Aug/2020:15:07:30 +0200] "GET /bundle.js HTTP/1.1" 304 -
::1 - - [31/Aug/2020:15:07:56 +0200] "GET / HTTP/1.1" 304 -
::1 - - [31/Aug/2020:15:07:56 +0200] "GET /bundle.js HTTP/1.1" 304 -
::1 - - [31/Aug/2020:15:09:12 +0200] "GET / HTTP/1.1" 200 1179
::1 - - [31/Aug/2020:15:09:12 +0200] "GET /bundle.js HTTP/1.1" 304 -
::1 - - [31/Aug/2020:15:09:33 +0200] "GET / HTTP/1.1" 200 1132
::1 - - [31/Aug/2020:15:09:33 +0200] "GET /style.css HTTP/1.1" 304 -
::1 - - [31/Aug/2020:15:09:33 +0200] "GET /bundle.js HTTP/1.1" 304 -
::1 - - [31/Aug/2020:15:09:48 +0200] "GET / HTTP/1.1" 304 -
::1 - - [31/Aug/2020:15:09:48 +0200] "GET /bundle.js HTTP/1.1" 304 -
::1 - - [31/Aug/2020:15:10:23 +0200] "GET /favicon.ico HTTP/1.1" 200 113449
::1 - - [31/Aug/2020:15:10:29 +0200] "GET / HTTP/1.1" 304 -
::1 - - [31/Aug/2020:15:10:29 +0200] "GET /bundle.js HTTP/1.1" 304 -
::1 - - [31/Aug/2020:15:11:05 +0200] "GET / HTTP/1.1" 304 -
::1 - - [31/Aug/2020:15:15:49 +0200] "GET / HTTP/1.1" 304 -
::1 - - [31/Aug/2020:15:15:49 +0200] "GET /style.css HTTP/1.1" 304 -
::1 - - [31/Aug/2020:15:15:49 +0200] "GET /bundle.js HTTP/1.1" 200 547175
::1 - - [31/Aug/2020:15:34:32 +0200] "GET / HTTP/1.1" 304 -
::1 - - [31/Aug/2020:15:34:33 +0200] "GET /style.css HTTP/1.1" 304 -
::1 - - [31/Aug/2020:15:34:33 +0200] "GET /bundle.js HTTP/1.1" 200 546907
::1 - - [31/Aug/2020:15:39:32 +0200] "GET / HTTP/1.1" 304 -
::1 - - [31/Aug/2020:15:39:32 +0200] "GET /style.css HTTP/1.1" 304 -
::1 - - [31/Aug/2020:15:39:32 +0200] "GET /bundle.js HTTP/1.1" 304 -
::1 - - [31/Aug/2020:15:39:57 +0200] "GET / HTTP/1.1" 304 -
::1 - - [31/Aug/2020:15:39:57 +0200] "GET /bundle.js HTTP/1.1" 304 -
::1 - - [31/Aug/2020:15:44:06 +0200] "GET / HTTP/1.1" 304 -
::1 - - [31/Aug/2020:15:44:06 +0200] "GET /bundle.js HTTP/1.1" 200 547175
::1 - - [31/Aug/2020:15:45:39 +0200] "GET / HTTP/1.1" 304 -
::1 - - [31/Aug/2020:15:45:39 +0200] "GET /style.css HTTP/1.1" 304 -
::1 - - [31/Aug/2020:15:45:39 +0200] "GET /bundle.js HTTP/1.1" 200 547176
::1 - - [31/Aug/2020:15:46:29 +0200] "GET / HTTP/1.1" 304 -
::1 - - [31/Aug/2020:15:46:29 +0200] "GET /bundle.js HTTP/1.1" 200 547176
::1 - - [31/Aug/2020:15:48:15 +0200] "GET / HTTP/1.1" 304 -
::1 - - [31/Aug/2020:15:48:15 +0200] "GET /bundle.js HTTP/1.1" 200 547152
::1 - - [31/Aug/2020:15:48:21 +0200] "GET / HTTP/1.1" 304 -
::1 - - [31/Aug/2020:15:48:21 +0200] "GET /bundle.js HTTP/1.1" 304 -
::1 - - [31/Aug/2020:15:49:16 +0200] "GET / HTTP/1.1" 304 -
::1 - - [31/Aug/2020:15:49:16 +0200] "GET /bundle.js HTTP/1.1" 200 547145
::1 - - [01/Sep/2020:10:39:44 +0200] "GET / HTTP/1.1" 304 -
::1 - - [01/Sep/2020:10:39:44 +0200] "GET /style.css HTTP/1.1" 304 -
::1 - - [01/Sep/2020:10:39:44 +0200] "GET /bundle.js HTTP/1.1" 304 -
::1 - - [01/Sep/2020:10:43:32 +0200] "GET / HTTP/1.1" 304 -
::1 - - [01/Sep/2020:10:43:32 +0200] "GET /bundle.js HTTP/1.1" 200 547245
::1 - - [01/Sep/2020:10:46:00 +0200] "GET / HTTP/1.1" 304 -
::1 - - [01/Sep/2020:10:46:01 +0200] "GET /bundle.js HTTP/1.1" 200 547455
::1 - - [01/Sep/2020:10:48:25 +0200] "GET / HTTP/1.1" 304 -
::1 - - [01/Sep/2020:10:48:25 +0200] "GET /bundle.js HTTP/1.1" 200 547564
::1 - - [01/Sep/2020:11:25:49 +0200] "GET / HTTP/1.1" 200 1132
::1 - - [01/Sep/2020:11:25:49 +0200] "GET /bundle.js HTTP/1.1" 304 -
::1 - - [01/Sep/2020:11:25:49 +0200] "GET /favicon.ico HTTP/1.1" 200 113449
::1 - - [02/Sep/2020:13:38:45 +0200] "GET / HTTP/1.1" 304 -
::1 - - [02/Sep/2020:13:38:45 +0200] "GET /bundle.js HTTP/1.1" 304 -
::1 - - [02/Sep/2020:13:38:50 +0200] "GET / HTTP/1.1" 304 -
::1 - - [02/Sep/2020:13:38:50 +0200] "GET /bundle.js HTTP/1.1" 304 -
::1 - - [02/Sep/2020:13:42:24 +0200] "GET / HTTP/1.1" 304 -
::1 - - [02/Sep/2020:13:42:24 +0200] "GET /bundle.js HTTP/1.1" 304 -
::1 - - [02/Sep/2020:13:42:45 +0200] "GET / HTTP/1.1" 304 -
::1 - - [02/Sep/2020:13:42:46 +0200] "GET /bundle.js HTTP/1.1" 304 -
::1 - - [02/Sep/2020:13:42:47 +0200] "GET / HTTP/1.1" 304 -
::1 - - [02/Sep/2020:13:42:47 +0200] "GET /bundle.js HTTP/1.1" 304 -
::1 - - [02/Sep/2020:13:42:48 +0200] "GET / HTTP/1.1" 304 -
::1 - - [02/Sep/2020:13:42:48 +0200] "GET /bundle.js HTTP/1.1" 304 -
::1 - - [02/Sep/2020:13:44:31 +0200] "GET / HTTP/1.1" 304 -
::1 - - [02/Sep/2020:13:44:31 +0200] "GET /bundle.js HTTP/1.1" 304 -
::1 - - [02/Sep/2020:13:52:23 +0200] "GET / HTTP/1.1" 304 -
::1 - - [02/Sep/2020:13:52:23 +0200] "GET /bundle.js HTTP/1.1" 304 -
::1 - - [02/Sep/2020:13:52:25 +0200] "GET / HTTP/1.1" 304 -
::1 - - [02/Sep/2020:13:52:25 +0200] "GET /bundle.js HTTP/1.1" 304 -
::1 - - [02/Sep/2020:13:52:26 +0200] "GET / HTTP/1.1" 304 -
::1 - - [02/Sep/2020:13:52:26 +0200] "GET /bundle.js HTTP/1.1" 304 -
::1 - - [02/Sep/2020:13:52:27 +0200] "GET / HTTP/1.1" 304 -
::1 - - [02/Sep/2020:13:52:27 +0200] "GET /bundle.js HTTP/1.1" 304 -
::1 - - [02/Sep/2020:13:52:28 +0200] "GET / HTTP/1.1" 304 -
::1 - - [02/Sep/2020:13:52:28 +0200] "GET /bundle.js HTTP/1.1" 304 -
